time="31-12-2020 08:28:46" level=info msg="\nSecret      NRZpznGPwBtWbyd5PFtpw@dOKNgdqA"
time="31-12-2020 08:28:46" level=info msg="\nrequest_body_autorize     ---->        {\"customer_id\":\"8171203\",\"profile\":{\t\"first_name\":\"Oleksii\",\t\"last_name\":\"Merzliakov\",\t\"street1\":\"Street1-,./'Test\",\t\"city\":\"CITYtest1\",\t\"zip_code\":\"34525\",\t\"country\":\"UA\",\t\"phone_country_code\":\"370\",\t\"phone_number\":\"69139970\",\t\"birth\":\"1975-03-10\",\t\"country_of_birth\":\"UA\",\t\"id_type\":\"A\",\t\"id_number\":\"111211183\",\t\"id_issuer\":\"UA\",\t\"id_expires\":true,\t\"id_expiration\":\"2024-12-20\"},\"bank_accounts\":[\t{\t\"account_number\":\"2235561774663\",\t\"routing_number\":\"22345612346\",\t\"name\":\"TestAcc\",\t\"type\":\"savings\",\t\"currency\":\"MAD\",\t\"balance\":\"3323443\",\t\"limit\":\"10000\"\t}]}"
time="31-12-2020 08:28:46" level=info msg="\nPath      /api/2/customers/authorize"
time="31-12-2020 08:28:46" level=info msg="\nAuthorize url ->  https://portal.ukraine.uat.wuamerigo.com/admin/api/2/customers/authorize"
time="31-12-2020 08:28:46" level=info msg="\nAuthorize X-Signature ->  aa1fe3f010e761258274750fc0ea397eed5841242dc273eb4296e4af97510402"
time="31-12-2020 08:28:46" level=info msg="\nAuthorize X_Time ->  1609396126"
time="31-12-2020 08:28:46" level=info msg="\nAuthorize X-Id ->  3VGim"
time="31-12-2020 08:28:46" level=info msg="\nAuthorize data ->  {\"customer_id\":\"8171203\",\"profile\":{\t\"first_name\":\"Oleksii\",\t\"last_name\":\"Merzliakov\",\t\"street1\":\"Street1-,./'Test\",\t\"city\":\"CITYtest1\",\t\"zip_code\":\"34525\",\t\"country\":\"UA\",\t\"phone_country_code\":\"370\",\t\"phone_number\":\"69139970\",\t\"birth\":\"1975-03-10\",\t\"country_of_birth\":\"UA\",\t\"id_type\":\"A\",\t\"id_number\":\"111211183\",\t\"id_issuer\":\"UA\",\t\"id_expires\":true,\t\"id_expiration\":\"2024-12-20\"},\"bank_accounts\":[\t{\t\"account_number\":\"2235561774663\",\t\"routing_number\":\"22345612346\",\t\"name\":\"TestAcc\",\t\"type\":\"savings\",\t\"currency\":\"MAD\",\t\"balance\":\"3323443\",\t\"limit\":\"10000\"\t}]}"
time="31-12-2020 08:28:46" level=info msg="\nreq ->  &{PUT https://portal.ukraine.uat.wuamerigo.com/admin/api/2/customers/authorize HTTP/1.1 1 1 map[Content-Type:[application/json] X-Id:[3VGim] X-Signature:[aa1fe3f010e761258274750fc0ea397eed5841242dc273eb4296e4af97510402] X-Time:[1609396126]] {{\"customer_id\":\"8171203\",\"profile\":{\t\"first_name\":\"Oleksii\",\t\"last_name\":\"Merzliakov\",\t\"street1\":\"Street1-,./'Test\",\t\"city\":\"CITYtest1\",\t\"zip_code\":\"34525\",\t\"country\":\"UA\",\t\"phone_country_code\":\"370\",\t\"phone_number\":\"69139970\",\t\"birth\":\"1975-03-10\",\t\"country_of_birth\":\"UA\",\t\"id_type\":\"A\",\t\"id_number\":\"111211183\",\t\"id_issuer\":\"UA\",\t\"id_expires\":true,\t\"id_expiration\":\"2024-12-20\"},\"bank_accounts\":[\t{\t\"account_number\":\"2235561774663\",\t\"routing_number\":\"22345612346\",\t\"name\":\"TestAcc\",\t\"type\":\"savings\",\t\"currency\":\"MAD\",\t\"balance\":\"3323443\",\t\"limit\":\"10000\"\t}]}} 0x12fcaa0 562 [] false portal.ukraine.uat.wuamerigo.com map[] map[] <nil> map[]   <nil> <nil> <nil> 0xc00001a0b0}"
time="31-12-2020 08:28:47" level=info msg="\nresponse Status:   ---- >     200 OK"
time="31-12-2020 08:28:47" level=info msg="\nresponse Headers:   ---- >     map[Content-Type:[application/json;charset=iso-8859-1] Date:[Thu, 31 Dec 2020 06:28:47 GMT] Expires:[Thu, 01 Jan 1970 00:00:00 GMT] Server:[nginx] Set-Cookie:[AWSALB=Yf10+T4gstnA+SjYNzQ9uGiiJo4TMnnHg6XVGI/UgsYr6Jhxx0nltyrsfZUuBnoi9d+v9PRXAENAxPoD9d3qli1F0M8Ph7ZUfhC/ZoHnohakT4/ymPH7aUTuja19; Expires=Thu, 07 Jan 2021 06:28:47 GMT; Path=/ AWSALBCORS=Yf10+T4gstnA+SjYNzQ9uGiiJo4TMnnHg6XVGI/UgsYr6Jhxx0nltyrsfZUuBnoi9d+v9PRXAENAxPoD9d3qli1F0M8Ph7ZUfhC/ZoHnohakT4/ymPH7aUTuja19; Expires=Thu, 07 Jan 2021 06:28:47 GMT; Path=/; SameSite=None; Secure JSESSIONID=node01fo2xlqvtbbkx12itl4bllfugv25650.node0;Path=/;Secure;HttpOnly] Strict-Transport-Security:[max-age=31536000; includeSubDomains] X-Content-Type-Options:[nosniff nosniff] X-Frame-Options:[DENY DENY]]"
time="31-12-2020 08:28:47" level=info msg="\nresp.StatusCode   ---- >     200"
time="31-12-2020 08:28:47" level=info msg="\nresponse body:   ---- >     {\"authorization_code\":\"ZMD1PFA0SJX8AINU6WPY31XS2DS2LG1W\",\"action_info\":\"no_action\",\"customer_id\":\"8171203\"}"
time="31-12-2020 08:28:47" level=info msg="\nauthorize_code ---- >>>    ZMD1PFA0SJX8AINU6WPY31XS2DS2LG1W"
time="31-12-2020 08:28:47" level=info msg="\nencoded      eyJ0eXAiOiJKV1QiLCJhbGciOiJIUzI1NiJ9"
time="31-12-2020 08:28:47" level=info msg="\nencoded      eyJhdXRob3JpemF0aW9uX2NvZGUiOiJaTUQxUEZBMFNKWDhBSU5VNldQWTMxWFMyRFMyTEcxVyJ9"
time="31-12-2020 08:28:47" level=info msg="\nJWT    --->     eyJ0eXAiOiJKV1QiLCJhbGciOiJIUzI1NiJ9.eyJhdXRob3JpemF0aW9uX2NvZGUiOiJaTUQxUEZBMFNKWDhBSU5VNldQWTMxWFMyRFMyTEcxVyJ9.Eri0ct0b6S37tBhpi/EbCNYYndfTdSfGQYJ/Bu0ESi0="
time="31-12-2020 08:28:47" level=info msg="\nr.Header ->   map[Accept:[text/html,application/xhtml+xml,application/xml;q=0.9,image/avif,image/webp,image/apng,*/*;q=0.8,application/signed-exchange;v=b3;q=0.9] Accept-Encoding:[gzip, deflate, br] Accept-Language:[ru-RU,ru;q=0.9,en-US;q=0.8,en;q=0.7,es;q=0.6,fr;q=0.5] Cache-Control:[no-cache] Connection:[keep-alive] Pragma:[no-cache] Sec-Fetch-Dest:[document] Sec-Fetch-Mode:[navigate] Sec-Fetch-Site:[none] Sec-Fetch-User:[?1] Upgrade-Insecure-Requests:[1] User-Agent:[Mozilla/5.0 (Macintosh; Intel Mac OS X 10_15_7) AppleWebKit/537.36 (KHTML, like Gecko) Chrome/87.0.4280.88 Safari/537.36]]"
time="31-12-2020 08:28:47" level=info msg="\nr.Body ->   {}"
time="31-12-2020 08:29:00" level=info msg="\nSecret      h1B3JD6a!roSklKOqgKiocP8cs9QGg"
time="31-12-2020 08:29:00" level=info msg="\nrequest_body_autorize     ---->        {\"customer_id\":\"8171203\",\"profile\":{\t\"first_name\":\"Oleksii\",\t\"last_name\":\"Merzliakov\",\t\"street1\":\"Street1-,./'Test\",\t\"city\":\"CITYtest1\",\t\"zip_code\":\"34525\",\t\"country\":\"UA\",\t\"phone_country_code\":\"370\",\t\"phone_number\":\"69139970\",\t\"birth\":\"1975-03-10\",\t\"country_of_birth\":\"UA\",\t\"id_type\":\"A\",\t\"id_number\":\"111211183\",\t\"id_issuer\":\"UA\",\t\"id_expires\":true,\t\"id_expiration\":\"2024-12-20\"},\"bank_accounts\":[\t{\t\"account_number\":\"2235561774663\",\t\"routing_number\":\"22345612346\",\t\"name\":\"TestAcc\",\t\"type\":\"savings\",\t\"currency\":\"MAD\",\t\"balance\":\"3323443\",\t\"limit\":\"10000\"\t}]}"
time="31-12-2020 08:29:00" level=info msg="\nPath      /api/2/customers/authorize"
time="31-12-2020 08:29:00" level=info msg="\nAuthorize url ->  https://portal.ukraine.pi.wuamerigo.com/admin/api/2/customers/authorize"
time="31-12-2020 08:29:00" level=info msg="\nAuthorize X-Signature ->  1b2f1ecdbbc9d45091a54b5ce443ca1620b0cdd2fd2f2054569fa8e2aebb3f06"
time="31-12-2020 08:29:00" level=info msg="\nAuthorize X_Time ->  1609396140"
time="31-12-2020 08:29:00" level=info msg="\nAuthorize X-Id ->  ITXKG"
time="31-12-2020 08:29:00" level=info msg="\nAuthorize data ->  {\"customer_id\":\"8171203\",\"profile\":{\t\"first_name\":\"Oleksii\",\t\"last_name\":\"Merzliakov\",\t\"street1\":\"Street1-,./'Test\",\t\"city\":\"CITYtest1\",\t\"zip_code\":\"34525\",\t\"country\":\"UA\",\t\"phone_country_code\":\"370\",\t\"phone_number\":\"69139970\",\t\"birth\":\"1975-03-10\",\t\"country_of_birth\":\"UA\",\t\"id_type\":\"A\",\t\"id_number\":\"111211183\",\t\"id_issuer\":\"UA\",\t\"id_expires\":true,\t\"id_expiration\":\"2024-12-20\"},\"bank_accounts\":[\t{\t\"account_number\":\"2235561774663\",\t\"routing_number\":\"22345612346\",\t\"name\":\"TestAcc\",\t\"type\":\"savings\",\t\"currency\":\"MAD\",\t\"balance\":\"3323443\",\t\"limit\":\"10000\"\t}]}"
time="31-12-2020 08:29:00" level=info msg="\nreq ->  &{PUT https://portal.ukraine.pi.wuamerigo.com/admin/api/2/customers/authorize HTTP/1.1 1 1 map[Content-Type:[application/json] X-Id:[ITXKG] X-Signature:[1b2f1ecdbbc9d45091a54b5ce443ca1620b0cdd2fd2f2054569fa8e2aebb3f06] X-Time:[1609396140]] {{\"customer_id\":\"8171203\",\"profile\":{\t\"first_name\":\"Oleksii\",\t\"last_name\":\"Merzliakov\",\t\"street1\":\"Street1-,./'Test\",\t\"city\":\"CITYtest1\",\t\"zip_code\":\"34525\",\t\"country\":\"UA\",\t\"phone_country_code\":\"370\",\t\"phone_number\":\"69139970\",\t\"birth\":\"1975-03-10\",\t\"country_of_birth\":\"UA\",\t\"id_type\":\"A\",\t\"id_number\":\"111211183\",\t\"id_issuer\":\"UA\",\t\"id_expires\":true,\t\"id_expiration\":\"2024-12-20\"},\"bank_accounts\":[\t{\t\"account_number\":\"2235561774663\",\t\"routing_number\":\"22345612346\",\t\"name\":\"TestAcc\",\t\"type\":\"savings\",\t\"currency\":\"MAD\",\t\"balance\":\"3323443\",\t\"limit\":\"10000\"\t}]}} 0x12fcaa0 562 [] false portal.ukraine.pi.wuamerigo.com map[] map[] <nil> map[]   <nil> <nil> <nil> 0xc00001a0b0}"
time="31-12-2020 08:29:07" level=info msg="\nresponse Status:   ---- >     200 OK"
time="31-12-2020 08:29:07" level=info msg="\nresponse Headers:   ---- >     map[Content-Type:[application/json;charset=iso-8859-1] Date:[Thu, 31 Dec 2020 06:29:07 GMT] Expires:[Thu, 01 Jan 1970 00:00:00 GMT] Server:[nginx] Set-Cookie:[AWSALB=pIGCYcDeqpl0Gv/KvHwrhzsyCvAOe7SmTjzWU0FGbZPqEn1eDMgxcv1y9aB0kjpFFGTsFOfbOk8VCMd8CKVli50I3NerjnRGWGPgW9wJwQHaSbAURNAiTHjGhb0X; Expires=Thu, 07 Jan 2021 06:29:00 GMT; Path=/ AWSALBCORS=pIGCYcDeqpl0Gv/KvHwrhzsyCvAOe7SmTjzWU0FGbZPqEn1eDMgxcv1y9aB0kjpFFGTsFOfbOk8VCMd8CKVli50I3NerjnRGWGPgW9wJwQHaSbAURNAiTHjGhb0X; Expires=Thu, 07 Jan 2021 06:29:00 GMT; Path=/; SameSite=None; Secure JSESSIONID=node01jjxn2qarhirsfkk8m7wiw0gq194896.node0;Path=/;Secure;HttpOnly] Strict-Transport-Security:[max-age=31536000; includeSubDomains] X-Content-Type-Options:[nosniff nosniff] X-Frame-Options:[DENY DENY]]"
time="31-12-2020 08:29:07" level=info msg="\nresp.StatusCode   ---- >     200"
time="31-12-2020 08:29:07" level=info msg="\nresponse body:   ---- >     {\"authorization_code\":\"1353ZU4YB88T27WA5S1F0AL8NI1BAJ2Q\",\"action_info\":\"profile_created\",\"customer_id\":\"8171203\"}"
time="31-12-2020 08:29:07" level=info msg="\nauthorize_code ---- >>>    1353ZU4YB88T27WA5S1F0AL8NI1BAJ2Q"
time="31-12-2020 08:29:07" level=info msg="\nencoded      eyJ0eXAiOiJKV1QiLCJhbGciOiJIUzI1NiJ9"
time="31-12-2020 08:29:07" level=info msg="\nencoded      eyJhdXRob3JpemF0aW9uX2NvZGUiOiIxMzUzWlU0WUI4OFQyN1dBNVMxRjBBTDhOSTFCQUoyUSJ9"
time="31-12-2020 08:29:07" level=info msg="\nJWT    --->     eyJ0eXAiOiJKV1QiLCJhbGciOiJIUzI1NiJ9.eyJhdXRob3JpemF0aW9uX2NvZGUiOiIxMzUzWlU0WUI4OFQyN1dBNVMxRjBBTDhOSTFCQUoyUSJ9.yuba7fvMkciarOQDimINDXmXPcMvd0bkXhs6pVIo2Nc="
time="31-12-2020 08:29:07" level=info msg="\nr.Header ->   map[Accept:[text/html,application/xhtml+xml,application/xml;q=0.9,image/avif,image/webp,image/apng,*/*;q=0.8,application/signed-exchange;v=b3;q=0.9] Accept-Encoding:[gzip, deflate, br] Accept-Language:[ru-RU,ru;q=0.9,en-US;q=0.8,en;q=0.7,es;q=0.6,fr;q=0.5] Cache-Control:[no-cache] Connection:[keep-alive] Pragma:[no-cache] Sec-Fetch-Dest:[document] Sec-Fetch-Mode:[navigate] Sec-Fetch-Site:[none] Sec-Fetch-User:[?1] Upgrade-Insecure-Requests:[1] User-Agent:[Mozilla/5.0 (Macintosh; Intel Mac OS X 10_15_7) AppleWebKit/537.36 (KHTML, like Gecko) Chrome/87.0.4280.88 Safari/537.36]]"
time="31-12-2020 08:29:07" level=info msg="\nr.Body ->   {}"
time="31-12-2020 08:29:13" level=info msg="\nfunc IndexApproveSend r.URL ---->>>>>>        /approvesend"
time="31-12-2020 08:29:13" level=info msg="\nfunc IndexApproveSend r.Header ---->>>>>>        map[Accept:[text/html, */*; q=0.01] Accept-Encoding:[gzip, deflate, br] Accept-Language:[ru-RU,ru;q=0.9,en-US;q=0.8,en;q=0.7,es;q=0.6,fr;q=0.5] Cache-Control:[no-cache] Connection:[keep-alive] Content-Length:[36] Content-Type:[application/json] Origin:[http://localhost:8081] Pragma:[no-cache] Referer:[http://localhost:8081/wu?env=pi&country=ukraine&lang=en&action=send&currency=MAD] Sec-Fetch-Dest:[empty] Sec-Fetch-Mode:[cors] Sec-Fetch-Site:[same-origin] User-Agent:[Mozilla/5.0 (Macintosh; Intel Mac OS X 10_15_7) AppleWebKit/537.36 (KHTML, like Gecko) Chrome/87.0.4280.88 Safari/537.36] X-Requested-With:[XMLHttpRequest]]"
time="31-12-2020 08:29:13" level=info msg="\nfunc IndexApproveSend: Request Body ---->>>>>>        {\"idnumber\":\"\",\"list\":\"notselected\"}"
time="31-12-2020 08:29:29" level=info msg="\nSecret      pBuyj!84xD!chF9dUEKL4LXzjBsA8S"
time="31-12-2020 08:29:29" level=info msg="\nrequest_body_autorize     ---->        {\"customer_id\":\"8171203\",\"profile\":{\t\"first_name\":\"Oleksii\",\t\"last_name\":\"Merzliakov\",\t\"street1\":\"Street1-,./'Test\",\t\"city\":\"CITYtest1\",\t\"zip_code\":\"34525\",\t\"country\":\"UA\",\t\"phone_country_code\":\"370\",\t\"phone_number\":\"69139970\",\t\"birth\":\"1975-03-10\",\t\"country_of_birth\":\"UA\",\t\"id_type\":\"A\",\t\"id_number\":\"111211183\",\t\"id_issuer\":\"UA\",\t\"id_expires\":true,\t\"id_expiration\":\"2024-12-20\"},\"bank_accounts\":[\t{\t\"account_number\":\"2235561774663\",\t\"routing_number\":\"22345612346\",\t\"name\":\"TestAcc\",\t\"type\":\"savings\",\t\"currency\":\"MAD\",\t\"balance\":\"3323443\",\t\"limit\":\"10000\"\t}]}"
time="31-12-2020 08:29:29" level=info msg="\nPath      /api/2/customers/authorize"
time="31-12-2020 08:29:29" level=info msg="\nAuthorize url ->  https://portal.morocco.pi.wuamerigo.com/admin/api/2/customers/authorize"
time="31-12-2020 08:29:29" level=info msg="\nAuthorize X-Signature ->  85a8875820406250a66d04de61460446069f7ee3d90212d708abaf0cd3b6a823"
time="31-12-2020 08:29:29" level=info msg="\nAuthorize X_Time ->  1609396169"
time="31-12-2020 08:29:29" level=info msg="\nAuthorize X-Id ->  AvwMp"
time="31-12-2020 08:29:29" level=info msg="\nAuthorize data ->  {\"customer_id\":\"8171203\",\"profile\":{\t\"first_name\":\"Oleksii\",\t\"last_name\":\"Merzliakov\",\t\"street1\":\"Street1-,./'Test\",\t\"city\":\"CITYtest1\",\t\"zip_code\":\"34525\",\t\"country\":\"UA\",\t\"phone_country_code\":\"370\",\t\"phone_number\":\"69139970\",\t\"birth\":\"1975-03-10\",\t\"country_of_birth\":\"UA\",\t\"id_type\":\"A\",\t\"id_number\":\"111211183\",\t\"id_issuer\":\"UA\",\t\"id_expires\":true,\t\"id_expiration\":\"2024-12-20\"},\"bank_accounts\":[\t{\t\"account_number\":\"2235561774663\",\t\"routing_number\":\"22345612346\",\t\"name\":\"TestAcc\",\t\"type\":\"savings\",\t\"currency\":\"MAD\",\t\"balance\":\"3323443\",\t\"limit\":\"10000\"\t}]}"
time="31-12-2020 08:29:29" level=info msg="\nreq ->  &{PUT https://portal.morocco.pi.wuamerigo.com/admin/api/2/customers/authorize HTTP/1.1 1 1 map[Content-Type:[application/json] X-Id:[AvwMp] X-Signature:[85a8875820406250a66d04de61460446069f7ee3d90212d708abaf0cd3b6a823] X-Time:[1609396169]] {{\"customer_id\":\"8171203\",\"profile\":{\t\"first_name\":\"Oleksii\",\t\"last_name\":\"Merzliakov\",\t\"street1\":\"Street1-,./'Test\",\t\"city\":\"CITYtest1\",\t\"zip_code\":\"34525\",\t\"country\":\"UA\",\t\"phone_country_code\":\"370\",\t\"phone_number\":\"69139970\",\t\"birth\":\"1975-03-10\",\t\"country_of_birth\":\"UA\",\t\"id_type\":\"A\",\t\"id_number\":\"111211183\",\t\"id_issuer\":\"UA\",\t\"id_expires\":true,\t\"id_expiration\":\"2024-12-20\"},\"bank_accounts\":[\t{\t\"account_number\":\"2235561774663\",\t\"routing_number\":\"22345612346\",\t\"name\":\"TestAcc\",\t\"type\":\"savings\",\t\"currency\":\"MAD\",\t\"balance\":\"3323443\",\t\"limit\":\"10000\"\t}]}} 0x12fcaa0 562 [] false portal.morocco.pi.wuamerigo.com map[] map[] <nil> map[]   <nil> <nil> <nil> 0xc00001a0b0}"
time="31-12-2020 08:29:31" level=info msg="\nresponse Status:   ---- >     200 OK"
time="31-12-2020 08:29:31" level=info msg="\nresponse Headers:   ---- >     map[Content-Type:[application/json;charset=iso-8859-1] Date:[Thu, 31 Dec 2020 06:29:31 GMT] Expires:[Thu, 01 Jan 1970 00:00:00 GMT] Server:[nginx] Set-Cookie:[AWSALB=KYB094+bjVhBejaGjNWwD61nDd5S1pnKCpVn8asy1Sqs6WR5CATj/2P4FQ4owfs7vZEIr29pJruTxw+U6/BpSaTcWeip8wUsgUi7SR0RGSKxdh6DaGh1hvhx89qt; Expires=Thu, 07 Jan 2021 06:29:30 GMT; Path=/ AWSALBCORS=KYB094+bjVhBejaGjNWwD61nDd5S1pnKCpVn8asy1Sqs6WR5CATj/2P4FQ4owfs7vZEIr29pJruTxw+U6/BpSaTcWeip8wUsgUi7SR0RGSKxdh6DaGh1hvhx89qt; Expires=Thu, 07 Jan 2021 06:29:30 GMT; Path=/; SameSite=None; Secure JSESSIONID=node0nnfq9zqjrnbo1cz0yn0epvxh951559.node0;Path=/;Secure;HttpOnly] Strict-Transport-Security:[max-age=31536000; includeSubDomains] X-Content-Type-Options:[nosniff nosniff] X-Frame-Options:[DENY DENY]]"
time="31-12-2020 08:29:31" level=info msg="\nresp.StatusCode   ---- >     200"
time="31-12-2020 08:29:31" level=info msg="\nresponse body:   ---- >     {\"authorization_code\":\"F2IULCD8I1JOWP2QSO84B6WC5H8W40S1\",\"action_info\":\"profile_created\",\"customer_id\":\"8171203\"}"
time="31-12-2020 08:29:31" level=info msg="\nauthorize_code ---- >>>    F2IULCD8I1JOWP2QSO84B6WC5H8W40S1"
time="31-12-2020 08:29:31" level=info msg="\nencoded      eyJ0eXAiOiJKV1QiLCJhbGciOiJIUzI1NiJ9"
time="31-12-2020 08:29:31" level=info msg="\nencoded      eyJhdXRob3JpemF0aW9uX2NvZGUiOiJGMklVTENEOEkxSk9XUDJRU084NEI2V0M1SDhXNDBTMSJ9"
time="31-12-2020 08:29:31" level=info msg="\nJWT    --->     eyJ0eXAiOiJKV1QiLCJhbGciOiJIUzI1NiJ9.eyJhdXRob3JpemF0aW9uX2NvZGUiOiJGMklVTENEOEkxSk9XUDJRU084NEI2V0M1SDhXNDBTMSJ9.2yR5hRM3wLfBeumcu17JqXRUiwJfcv6vSJ4aZGx9Atg="
time="31-12-2020 08:29:31" level=info msg="\nr.Header ->   map[Accept:[text/html,application/xhtml+xml,application/xml;q=0.9,image/avif,image/webp,image/apng,*/*;q=0.8,application/signed-exchange;v=b3;q=0.9] Accept-Encoding:[gzip, deflate, br] Accept-Language:[ru-RU,ru;q=0.9,en-US;q=0.8,en;q=0.7,es;q=0.6,fr;q=0.5] Cache-Control:[no-cache] Connection:[keep-alive] Pragma:[no-cache] Sec-Fetch-Dest:[document] Sec-Fetch-Mode:[navigate] Sec-Fetch-Site:[none] Sec-Fetch-User:[?1] Upgrade-Insecure-Requests:[1] User-Agent:[Mozilla/5.0 (Macintosh; Intel Mac OS X 10_15_7) AppleWebKit/537.36 (KHTML, like Gecko) Chrome/87.0.4280.88 Safari/537.36]]"
time="31-12-2020 08:29:31" level=info msg="\nr.Body ->   {}"
time="31-12-2020 08:29:34" level=info msg="\nfunc IndexApproveSend r.URL ---->>>>>>        /approvesend"
time="31-12-2020 08:29:34" level=info msg="\nfunc IndexApproveSend r.Header ---->>>>>>        map[Accept:[text/html, */*; q=0.01] Accept-Encoding:[gzip, deflate, br] Accept-Language:[ru-RU,ru;q=0.9,en-US;q=0.8,en;q=0.7,es;q=0.6,fr;q=0.5] Cache-Control:[no-cache] Connection:[keep-alive] Content-Length:[36] Content-Type:[application/json] Origin:[http://localhost:8081] Pragma:[no-cache] Referer:[http://localhost:8081/wu?env=pi&country=morocco&lang=en&action=send&currency=MAD] Sec-Fetch-Dest:[empty] Sec-Fetch-Mode:[cors] Sec-Fetch-Site:[same-origin] User-Agent:[Mozilla/5.0 (Macintosh; Intel Mac OS X 10_15_7) AppleWebKit/537.36 (KHTML, like Gecko) Chrome/87.0.4280.88 Safari/537.36] X-Requested-With:[XMLHttpRequest]]"
time="31-12-2020 08:29:34" level=info msg="\nfunc IndexApproveSend: Request Body ---->>>>>>        {\"idnumber\":\"\",\"list\":\"notselected\"}"
time="31-12-2020 08:29:40" level=info msg="\nfunc IndexApproveSend r.URL ---->>>>>>        /approvesend"
time="31-12-2020 08:29:40" level=info msg="\nfunc IndexApproveSend r.Header ---->>>>>>        map[Accept:[text/html, */*; q=0.01] Accept-Encoding:[gzip, deflate, br] Accept-Language:[ru-RU,ru;q=0.9,en-US;q=0.8,en;q=0.7,es;q=0.6,fr;q=0.5] Cache-Control:[no-cache] Connection:[keep-alive] Content-Length:[51] Content-Type:[application/json] Origin:[http://localhost:8081] Pragma:[no-cache] Referer:[http://localhost:8081/wu?env=pi&country=morocco&lang=en&action=send&currency=MAD] Sec-Fetch-Dest:[empty] Sec-Fetch-Mode:[cors] Sec-Fetch-Site:[same-origin] User-Agent:[Mozilla/5.0 (Macintosh; Intel Mac OS X 10_15_7) AppleWebKit/537.36 (KHTML, like Gecko) Chrome/87.0.4280.88 Safari/537.36] X-Requested-With:[XMLHttpRequest]]"
time="31-12-2020 08:29:40" level=info msg="\nfunc IndexApproveSend: Request Body ---->>>>>>        {\"idnumber\":\"1232\",\"list\":\"ApproveSendTransaction\"}"
time="31-12-2020 08:29:40" level=info msg="\nId_Number_   ----  >>>>        1232"
time="31-12-2020 08:29:40" level=info msg="\nURL_Admin   ----  >>>>        /api/2/send_transactions/approve"
time="31-12-2020 08:29:40" level=info msg="\nAccess_Token   ----  >>>>        "
